<?xml version="1.0" encoding="UTF-8"?>
<!-- Generated by org.testng.reporters.JUnitXMLReporter -->
<testsuite ignored="0" hostname="DESKTOP-O6J1HAH" failures="2" tests="3" name="OrangeHRMTest" time="32.276" errors="0" timestamp="2026-01-28T19:34:03 IST">
  <testcase classname="com.orangehrm.tests.DBVerificationTest" name="EmployeeNameVerificationTest" time="6.855">
    <failure type="java.lang.AssertionError" message="Employee first and last name are not matching  expected [true] but found [false]">
      <![CDATA[java.lang.AssertionError: Employee first and last name are not matching  expected [true] but found [false]
at com.orangehrm.tests.DBVerificationTest.EmployeeNameVerificationTest(DBVerificationTest.java:51)
at java.base/java.util.concurrent.Executors$RunnableAdapter.call(Executors.java:539)
at java.base/java.util.concurrent.FutureTask.run(FutureTask.java:264)
at java.base/java.util.concurrent.ThreadPoolExecutor.runWorker(ThreadPoolExecutor.java:1136)
at java.base/java.util.concurrent.ThreadPoolExecutor$Worker.run(ThreadPoolExecutor.java:635)
at java.base/java.lang.Thread.run(Thread.java:840)
... Removed 16 stack frames]]>
    </failure>
  </testcase> <!-- EmployeeNameVerificationTest -->
  <testcase classname="com.orangehrm.tests.DBVerificationTest" name="EmployeeNameVerificationTest" time="6.278"/>
  <testcase classname="com.orangehrm.tests.DBVerificationTest" name="EmployeeNameVerificationTest" time="6.893">
    <failure type="java.lang.AssertionError" message="Employee first and last name are not matching  expected [true] but found [false]">
      <![CDATA[java.lang.AssertionError: Employee first and last name are not matching  expected [true] but found [false]
at com.orangehrm.tests.DBVerificationTest.EmployeeNameVerificationTest(DBVerificationTest.java:51)
at java.base/java.util.concurrent.Executors$RunnableAdapter.call(Executors.java:539)
at java.base/java.util.concurrent.FutureTask.run(FutureTask.java:264)
at java.base/java.util.concurrent.ThreadPoolExecutor.runWorker(ThreadPoolExecutor.java:1136)
at java.base/java.util.concurrent.ThreadPoolExecutor$Worker.run(ThreadPoolExecutor.java:635)
at java.base/java.lang.Thread.run(Thread.java:840)
... Removed 16 stack frames]]>
    </failure>
  </testcase> <!-- EmployeeNameVerificationTest -->
</testsuite> <!-- OrangeHRMTest -->
