<?xml version="1.0" encoding="UTF-8"?>
<!-- Generated by org.testng.reporters.JUnitXMLReporter -->
<testsuite ignored="3" hostname="DESKTOP-O6J1HAH" failures="1" tests="5" name="OrangeHRMTest" time="79.299" errors="0" timestamp="2026-01-20T22:30:10 IST">
  <testcase classname="com.orangehrm.tests.DummyClass2" name="dummyTest2" time="0.07"/>
  <testcase classname="com.orangehrm.tests.DummyClass" name="dummyTest" time="0.028">
    <skipped/>
  </testcase> <!-- dummyTest -->
  <testcase classname="com.orangehrm.tests.HomePageTest" name="verifyOrangeHRMLogo" time="12.066"/>
  <testcase classname="com.orangehrm.tests.LoginPageTest" name="invalidLoginTest" time="12.444">
    <failure type="java.lang.AssertionError" message="Test Failed: Invalid Error Message expected [true] but found [false]">
      <![CDATA[java.lang.AssertionError: Test Failed: Invalid Error Message expected [true] but found [false]
at com.orangehrm.tests.LoginPageTest.invalidLoginTest(LoginPageTest.java:46)
at java.base/java.util.concurrent.Executors$RunnableAdapter.call(Executors.java:539)
at java.base/java.util.concurrent.FutureTask.run(FutureTask.java:264)
at java.base/java.util.concurrent.ThreadPoolExecutor.runWorker(ThreadPoolExecutor.java:1136)
at java.base/java.util.concurrent.ThreadPoolExecutor$Worker.run(ThreadPoolExecutor.java:635)
at java.base/java.lang.Thread.run(Thread.java:840)
... Removed 16 stack frames]]>
    </failure>
  </testcase> <!-- invalidLoginTest -->
  <testcase classname="com.orangehrm.tests.LoginPageTest" name="verifyValidLoginTest" time="30.939"/>
  <testcase classname="com.orangehrm.base.BaseClass" name="@BeforeSuite loadConfig" time="0.0">
    <ignored/>
  </testcase> <!-- @BeforeSuite loadConfig -->
  <testcase classname="com.orangehrm.base.BaseClass" name="@BeforeSuite loadConfig" time="0.0">
    <ignored/>
  </testcase> <!-- @BeforeSuite loadConfig -->
  <testcase classname="com.orangehrm.base.BaseClass" name="@BeforeSuite loadConfig" time="0.0">
    <ignored/>
  </testcase> <!-- @BeforeSuite loadConfig -->
</testsuite> <!-- OrangeHRMTest -->
