<?xml version="1.0" encoding="UTF-8"?>
<!-- Generated by org.testng.reporters.JUnitXMLReporter -->
<testsuite ignored="0" hostname="DESKTOP-O6J1HAH" failures="1" tests="1" name="OrangeHRMTest" time="0.167" errors="0" timestamp="2026-01-23T20:47:15 IST">
  <testcase classname="com.orangehrm.tests.DBVerificationTest" name="EmployeeNameVerificationTest" time="0.0">
    <failure type="org.testng.TestNGException" message="
Method public void com.orangehrm.tests.DBVerificationTest.EmployeeNameVerificationTest(java.lang.String,java.lang.String) requires a @DataProvider named : EmployeeDetails in class com.orangehrm.utilities.DataProviders">
      <![CDATA[org.testng.TestNGException: 
Method public void com.orangehrm.tests.DBVerificationTest.EmployeeNameVerificationTest(java.lang.String,java.lang.String) requires a @DataProvider named : EmployeeDetails in class com.orangehrm.utilities.DataProviders
at java.base/java.util.concurrent.Executors$RunnableAdapter.call(Executors.java:539)
at java.base/java.util.concurrent.FutureTask.run(FutureTask.java:264)
at java.base/java.util.concurrent.ThreadPoolExecutor.runWorker(ThreadPoolExecutor.java:1136)
at java.base/java.util.concurrent.ThreadPoolExecutor$Worker.run(ThreadPoolExecutor.java:635)
at java.base/java.lang.Thread.run(Thread.java:840)
... Removed 10 stack frames]]>
    </failure>
  </testcase> <!-- EmployeeNameVerificationTest -->
</testsuite> <!-- OrangeHRMTest -->
