<?xml version="1.0" encoding="UTF-8"?>
<!-- Generated by org.testng.reporters.JUnitXMLReporter -->
<testsuite ignored="3" hostname="DESKTOP-O6J1HAH" failures="0" tests="5" name="OrangeHRMTest1" time="183.454" errors="0" timestamp="2026-01-18T15:07:17 IST">
  <testcase classname="com.orangehrm.tests.DummyClass" name="dummyTest" time="0.04"/>
  <testcase classname="com.orangehrm.tests.DummyClass2" name="dummyTest2" time="0.034"/>
  <testcase classname="com.orangehrm.tests.LoginPageTest" name="invalidLoginTest" time="5.225"/>
  <testcase classname="com.orangehrm.tests.LoginPageTest" name="verifyValidLoginTest" time="10.276"/>
  <testcase classname="com.orangehrm.tests.HomePageTest" name="verifyOrangeHRMLogo" time="4.455"/>
  <testcase classname="com.orangehrm.base.BaseClass" name="@BeforeSuite loadConfig" time="0.0">
    <ignored/>
  </testcase> <!-- @BeforeSuite loadConfig -->
  <testcase classname="com.orangehrm.base.BaseClass" name="@BeforeSuite loadConfig" time="0.0">
    <ignored/>
  </testcase> <!-- @BeforeSuite loadConfig -->
  <testcase classname="com.orangehrm.base.BaseClass" name="@BeforeSuite loadConfig" time="0.0">
    <ignored/>
  </testcase> <!-- @BeforeSuite loadConfig -->
</testsuite> <!-- OrangeHRMTest1 -->
