<?xml version="1.0" encoding="UTF-8"?>
<testng-results ignored="0" total="1" passed="1" failed="0" skipped="0">
  <reporter-output>
  </reporter-output>
  <suite started-at="2026-01-28T20:08:44 IST" name="OrangeHRMSuite" finished-at="2026-01-28T20:08:56 IST" duration-ms="11881">
    <groups>
    </groups>
    <test started-at="2026-01-28T20:08:44 IST" name="OrangeHRMTest" finished-at="2026-01-28T20:08:56 IST" duration-ms="11881">
      <class name="com.orangehrm.tests.DBVerificationTest">
        <test-method is-config="true" signature="loadConfig()[pri:0, instance:com.orangehrm.tests.DBVerificationTest@42b02722]" started-at="2026-01-28T20:08:44 IST" name="loadConfig" finished-at="2026-01-28T20:08:44 IST" duration-ms="13" status="PASS">
          <reporter-output>
          </reporter-output>
        </test-method> <!-- loadConfig -->
        <test-method is-config="true" signature="setup()[pri:0, instance:com.orangehrm.tests.DBVerificationTest@42b02722]" started-at="2026-01-28T20:08:45 IST" name="setup" finished-at="2026-01-28T20:08:48 IST" duration-ms="3859" status="PASS">
          <reporter-output>
          </reporter-output>
        </test-method> <!-- setup -->
        <test-method is-config="true" signature="setupPages()[pri:0, instance:com.orangehrm.tests.DBVerificationTest@42b02722]" started-at="2026-01-28T20:08:48 IST" name="setupPages" finished-at="2026-01-28T20:08:48 IST" duration-ms="3" status="PASS">
          <reporter-output>
          </reporter-output>
        </test-method> <!-- setupPages -->
        <test-method signature="EmployeeNameVerificationTest(java.lang.String,java.lang.String)[pri:0, instance:com.orangehrm.tests.DBVerificationTest@42b02722]" started-at="2026-01-28T20:08:48 IST" name="EmployeeNameVerificationTest" data-provider="employeeDeails" finished-at="2026-01-28T20:08:56 IST" duration-ms="7198" status="PASS">
          <params>
            <param index="0">
              <value>
                <![CDATA[1]]>
              </value>
            </param>
            <param index="1">
              <value>
                <![CDATA[Dheeraj]]>
              </value>
            </param>
          </params>
          <reporter-output>
          </reporter-output>
        </test-method> <!-- EmployeeNameVerificationTest -->
        <test-method is-config="true" signature="tearDown()[pri:0, instance:com.orangehrm.tests.DBVerificationTest@42b02722]" started-at="2026-01-28T20:08:56 IST" name="tearDown" finished-at="2026-01-28T20:08:56 IST" duration-ms="191" status="PASS">
          <reporter-output>
          </reporter-output>
        </test-method> <!-- tearDown -->
      </class> <!-- com.orangehrm.tests.DBVerificationTest -->
    </test> <!-- OrangeHRMTest -->
  </suite> <!-- OrangeHRMSuite -->
</testng-results>
