<?xml version="1.0" encoding="UTF-8"?>
<testng-results ignored="0" total="1" passed="0" failed="1" skipped="0">
  <reporter-output>
  </reporter-output>
  <suite started-at="2026-01-23T20:47:15 IST" name="OrangeHRMSuite" finished-at="2026-01-23T20:47:15 IST" duration-ms="167">
    <groups>
    </groups>
    <test started-at="2026-01-23T20:47:15 IST" name="OrangeHRMTest" finished-at="2026-01-23T20:47:15 IST" duration-ms="167">
      <class name="com.orangehrm.tests.DBVerificationTest">
        <test-method is-config="true" signature="loadConfig()[pri:0, instance:com.orangehrm.tests.DBVerificationTest@77102b91]" started-at="2026-01-23T20:47:15 IST" name="loadConfig" finished-at="2026-01-23T20:47:15 IST" duration-ms="12" status="PASS">
          <reporter-output>
          </reporter-output>
        </test-method> <!-- loadConfig -->
        <test-method signature="EmployeeNameVerificationTest(java.lang.String,java.lang.String)[pri:0, instance:com.orangehrm.tests.DBVerificationTest@77102b91]" started-at="2026-01-23T20:47:15 IST" name="EmployeeNameVerificationTest" finished-at="2026-01-23T20:47:15 IST" duration-ms="0" status="FAIL">
          <exception class="org.testng.TestNGException">
            <message>
              <![CDATA[
Method public void com.orangehrm.tests.DBVerificationTest.EmployeeNameVerificationTest(java.lang.String,java.lang.String) requires a @DataProvider named : EmployeeDetails in class com.orangehrm.utilities.DataProviders]]>
            </message>
            <full-stacktrace>
              <![CDATA[org.testng.TestNGException: 
Method public void com.orangehrm.tests.DBVerificationTest.EmployeeNameVerificationTest(java.lang.String,java.lang.String) requires a @DataProvider named : EmployeeDetails in class com.orangehrm.utilities.DataProviders
at org.testng.internal.Parameters.findDataProvider(Parameters.java:532)
at org.testng.internal.Parameters.handleParameters(Parameters.java:769)
at org.testng.internal.Parameters.handleParameters(Parameters.java:734)
at org.testng.internal.invokers.ParameterHandler.handleParameters(ParameterHandler.java:72)
at org.testng.internal.invokers.ParameterHandler.createParameters(ParameterHandler.java:51)
at org.testng.internal.invokers.TestInvoker$MethodInvocationAgent.invoke(TestInvoker.java:949)
at org.testng.internal.invokers.TestInvoker.invokeTestMethods(TestInvoker.java:203)
at org.testng.internal.invokers.TestMethodWorker.invokeTestMethods(TestMethodWorker.java:154)
at org.testng.internal.invokers.TestMethodWorker.run(TestMethodWorker.java:134)
at java.base/java.util.concurrent.Executors$RunnableAdapter.call(Executors.java:539)
at java.base/java.util.concurrent.FutureTask.run(FutureTask.java:264)
at org.testng.internal.thread.graph.TestNGFutureTask.run(TestNGFutureTask.java:22)
at java.base/java.util.concurrent.ThreadPoolExecutor.runWorker(ThreadPoolExecutor.java:1136)
at java.base/java.util.concurrent.ThreadPoolExecutor$Worker.run(ThreadPoolExecutor.java:635)
at java.base/java.lang.Thread.run(Thread.java:840)
]]>
            </full-stacktrace>
          </exception> <!-- org.testng.TestNGException -->
          <reporter-output>
          </reporter-output>
        </test-method> <!-- EmployeeNameVerificationTest -->
      </class> <!-- com.orangehrm.tests.DBVerificationTest -->
    </test> <!-- OrangeHRMTest -->
  </suite> <!-- OrangeHRMSuite -->
</testng-results>
